<?xml version="1.0" encoding="UTF-8"?>
<coverage generated="1730305962533" clover="3.2.0">
  <project timestamp="1730305962533" name="All files">
    <metrics statements="67" coveredstatements="51" conditionals="36" coveredconditionals="26" methods="9" coveredmethods="8" elements="112" coveredelements="85" complexity="0" loc="67" ncloc="67" packages="1" files="1" classes="1"/>
    <file name="dataClassifier.js" path="C:\Atomic\AtomFission\Data\dataclassifier\script\dataClassifier.js">
      <metrics statements="67" coveredstatements="51" conditionals="36" coveredconditionals="26" methods="9" coveredmethods="8"/>
      <line num="35" count="1" type="stmt"/>
      <line num="36" count="1" type="stmt"/>
      <line num="37" count="1" type="stmt"/>
      <line num="39" count="1" type="stmt"/>
      <line num="42" count="1" type="stmt"/>
      <line num="43" count="1" type="stmt"/>
      <line num="44" count="1" type="stmt"/>
      <line num="45" count="1" type="stmt"/>
      <line num="46" count="1" type="stmt"/>
      <line num="47" count="1" type="stmt"/>
      <line num="57" count="7" type="stmt"/>
      <line num="58" count="7" type="stmt"/>
      <line num="59" count="6" type="stmt"/>
      <line num="61" count="6" type="stmt"/>
      <line num="63" count="6" type="cond" truecount="1" falsecount="1"/>
      <line num="65" count="6" type="stmt"/>
      <line num="66" count="6" type="stmt"/>
      <line num="67" count="6" type="cond" truecount="2" falsecount="0"/>
      <line num="68" count="6" type="cond" truecount="1" falsecount="1"/>
      <line num="69" count="6" type="cond" truecount="1" falsecount="1"/>
      <line num="70" count="6" type="cond" truecount="1" falsecount="1"/>
      <line num="72" count="6" type="stmt"/>
      <line num="74" count="1" type="stmt"/>
      <line num="75" count="1" type="stmt"/>
      <line num="83" count="7" type="cond" truecount="2" falsecount="0"/>
      <line num="85" count="5" type="cond" truecount="2" falsecount="0"/>
      <line num="86" count="3" type="cond" truecount="2" falsecount="0"/>
      <line num="87" count="3" type="cond" truecount="2" falsecount="0"/>
      <line num="88" count="2" type="cond" truecount="2" falsecount="0"/>
      <line num="89" count="1" type="stmt"/>
      <line num="91" count="1" type="stmt"/>
      <line num="93" count="1" type="cond" truecount="1" falsecount="1"/>
      <line num="94" count="0" type="stmt"/>
      <line num="96" count="1" type="stmt"/>
      <line num="100" count="2" type="cond" truecount="3" falsecount="1"/>
      <line num="101" count="2" type="stmt"/>
      <line num="102" count="2" type="stmt"/>
      <line num="104" count="0" type="stmt"/>
      <line num="108" count="0" type="stmt"/>
      <line num="115" count="8784" type="stmt"/>
      <line num="126" count="7" type="stmt"/>
      <line num="127" count="7" type="stmt"/>
      <line num="129" count="7" type="stmt"/>
      <line num="130" count="9808" type="stmt"/>
      <line num="131" count="9808" type="cond" truecount="4" falsecount="0"/>
      <line num="132" count="1099" type="stmt"/>
      <line num="133" count="1099" type="stmt"/>
      <line num="137" count="7" type="stmt"/>
      <line num="144" count="1099" type="stmt"/>
      <line num="145" count="1099" type="stmt"/>
      <line num="156" count="1099" type="cond" truecount="2" falsecount="4"/>
      <line num="158" count="1098" type="stmt"/>
      <line num="160" count="1" type="stmt"/>
      <line num="162" count="0" type="stmt"/>
      <line num="164" count="0" type="stmt"/>
      <line num="166" count="0" type="stmt"/>
      <line num="168" count="0" type="stmt"/>
      <line num="176" count="0" type="stmt"/>
      <line num="178" count="0" type="stmt"/>
      <line num="180" count="0" type="stmt"/>
      <line num="181" count="0" type="stmt"/>
      <line num="182" count="0" type="stmt"/>
      <line num="184" count="0" type="stmt"/>
      <line num="185" count="0" type="stmt"/>
      <line num="187" count="0" type="stmt"/>
      <line num="188" count="0" type="stmt"/>
      <line num="193" count="1" type="stmt"/>
    </file>
  </project>
</coverage>
