{"C:\\Atomic\\AtomFission\\Data\\dataclassifier\\script\\dataClassifier.js": {"path":"C:\\Atomic\\AtomFission\\Data\\dataclassifier\\script\\dataClassifier.js","statementMap":{"0":{"start":{"line":35,"column":11},"end":{"line":35,"column":24}},"1":{"start":{"line":36,"column":13},"end":{"line":36,"column":28}},"2":{"start":{"line":37,"column":31},"end":{"line":37,"column":118}},"3":{"start":{"line":39,"column":17},"end":{"line":39,"column":45}},"4":{"start":{"line":42,"column":17},"end":{"line":42,"column":18}},"5":{"start":{"line":43,"column":18},"end":{"line":43,"column":30}},"6":{"start":{"line":44,"column":16},"end":{"line":44,"column":32}},"7":{"start":{"line":45,"column":16},"end":{"line":45,"column":30}},"8":{"start":{"line":46,"column":16},"end":{"line":46,"column":30}},"9":{"start":{"line":47,"column":16},"end":{"line":47,"column":30}},"10":{"start":{"line":57,"column":4},"end":{"line":76,"column":5}},"11":{"start":{"line":58,"column":28},"end":{"line":58,"column":57}},"12":{"start":{"line":59,"column":26},"end":{"line":59,"column":48}},"13":{"start":{"line":61,"column":8},"end":{"line":61,"column":94}},"14":{"start":{"line":63,"column":8},"end":{"line":63,"column":69}},"15":{"start":{"line":63,"column":29},"end":{"line":63,"column":69}},"16":{"start":{"line":65,"column":25},"end":{"line":65,"column":50}},"17":{"start":{"line":66,"column":26},"end":{"line":66,"column":61}},"18":{"start":{"line":67,"column":24},"end":{"line":67,"column":92}},"19":{"start":{"line":68,"column":24},"end":{"line":68,"column":93}},"20":{"start":{"line":69,"column":24},"end":{"line":69,"column":93}},"21":{"start":{"line":70,"column":24},"end":{"line":70,"column":93}},"22":{"start":{"line":72,"column":8},"end":{"line":72,"column":75}},"23":{"start":{"line":74,"column":8},"end":{"line":74,"column":64}},"24":{"start":{"line":75,"column":8},"end":{"line":75,"column":20}},"25":{"start":{"line":83,"column":4},"end":{"line":83,"column":45}},"26":{"start":{"line":83,"column":32},"end":{"line":83,"column":45}},"27":{"start":{"line":85,"column":4},"end":{"line":98,"column":5}},"28":{"start":{"line":86,"column":27},"end":{"line":86,"column":77}},"29":{"start":{"line":87,"column":8},"end":{"line":97,"column":9}},"30":{"start":{"line":88,"column":12},"end":{"line":92,"column":13}},"31":{"start":{"line":89,"column":16},"end":{"line":89,"column":57}},"32":{"start":{"line":91,"column":16},"end":{"line":91,"column":60}},"33":{"start":{"line":93,"column":15},"end":{"line":97,"column":9}},"34":{"start":{"line":94,"column":12},"end":{"line":94,"column":54}},"35":{"start":{"line":96,"column":12},"end":{"line":96,"column":46}},"36":{"start":{"line":100,"column":4},"end":{"line":106,"column":5}},"37":{"start":{"line":101,"column":8},"end":{"line":105,"column":9}},"38":{"start":{"line":102,"column":12},"end":{"line":102,"column":54}},"39":{"start":{"line":104,"column":12},"end":{"line":104,"column":66}},"40":{"start":{"line":108,"column":4},"end":{"line":108,"column":47}},"41":{"start":{"line":115,"column":4},"end":{"line":119,"column":8}},"42":{"start":{"line":115,"column":56},"end":{"line":119,"column":5}},"43":{"start":{"line":126,"column":23},"end":{"line":126,"column":25}},"44":{"start":{"line":127,"column":16},"end":{"line":127,"column":18}},"45":{"start":{"line":129,"column":4},"end":{"line":135,"column":7}},"46":{"start":{"line":130,"column":8},"end":{"line":130,"column":25}},"47":{"start":{"line":131,"column":8},"end":{"line":134,"column":9}},"48":{"start":{"line":132,"column":12},"end":{"line":132,"column":83}},"49":{"start":{"line":133,"column":12},"end":{"line":133,"column":23}},"50":{"start":{"line":137,"column":4},"end":{"line":137,"column":22}},"51":{"start":{"line":144,"column":21},"end":{"line":144,"column":46}},"52":{"start":{"line":145,"column":4},"end":{"line":149,"column":6}},"53":{"start":{"line":156,"column":4},"end":{"line":169,"column":5}},"54":{"start":{"line":158,"column":12},"end":{"line":158,"column":26}},"55":{"start":{"line":160,"column":12},"end":{"line":160,"column":24}},"56":{"start":{"line":162,"column":12},"end":{"line":162,"column":24}},"57":{"start":{"line":164,"column":12},"end":{"line":164,"column":24}},"58":{"start":{"line":166,"column":12},"end":{"line":166,"column":24}},"59":{"start":{"line":168,"column":12},"end":{"line":168,"column":25}},"60":{"start":{"line":176,"column":4},"end":{"line":176,"column":91}},"61":{"start":{"line":178,"column":21},"end":{"line":178,"column":70}},"62":{"start":{"line":180,"column":4},"end":{"line":189,"column":5}},"63":{"start":{"line":181,"column":32},"end":{"line":181,"column":61}},"64":{"start":{"line":182,"column":23},"end":{"line":182,"column":80}},"65":{"start":{"line":184,"column":8},"end":{"line":184,"column":90}},"66":{"start":{"line":185,"column":8},"end":{"line":185,"column":22}},"67":{"start":{"line":187,"column":8},"end":{"line":187,"column":77}},"68":{"start":{"line":188,"column":8},"end":{"line":188,"column":20}},"69":{"start":{"line":193,"column":0},"end":{"line":193,"column":34}}},"fnMap":{"0":{"name":"classifyData","decl":{"start":{"line":56,"column":15},"end":{"line":56,"column":27}},"loc":{"start":{"line":56,"column":39},"end":{"line":77,"column":1}},"line":56},"1":{"name":"ensureBuffer","decl":{"start":{"line":82,"column":15},"end":{"line":82,"column":27}},"loc":{"start":{"line":82,"column":35},"end":{"line":109,"column":1}},"line":82},"2":{"name":"createBitAtoms","decl":{"start":{"line":114,"column":9},"end":{"line":114,"column":23}},"loc":{"start":{"line":114,"column":35},"end":{"line":120,"column":1}},"line":114},"3":{"name":"(anonymous_3)","decl":{"start":{"line":115,"column":45},"end":{"line":115,"column":46}},"loc":{"start":{"line":115,"column":56},"end":{"line":119,"column":5}},"line":115},"4":{"name":"aggregateAtoms","decl":{"start":{"line":125,"column":9},"end":{"line":125,"column":23}},"loc":{"start":{"line":125,"column":38},"end":{"line":138,"column":1}},"line":125},"5":{"name":"(anonymous_5)","decl":{"start":{"line":129,"column":18},"end":{"line":129,"column":19}},"loc":{"start":{"line":129,"column":35},"end":{"line":135,"column":5}},"line":129},"6":{"name":"createAggregatedAtom","decl":{"start":{"line":143,"column":9},"end":{"line":143,"column":29}},"loc":{"start":{"line":143,"column":51},"end":{"line":150,"column":1}},"line":143},"7":{"name":"getAtomTypeByLimit","decl":{"start":{"line":155,"column":9},"end":{"line":155,"column":27}},"loc":{"start":{"line":155,"column":35},"end":{"line":170,"column":1}},"line":155},"8":{"name":"classifyDataWithContract","decl":{"start":{"line":175,"column":15},"end":{"line":175,"column":39}},"loc":{"start":{"line":175,"column":59},"end":{"line":190,"column":1}},"line":175}},"branchMap":{"0":{"loc":{"start":{"line":63,"column":8},"end":{"line":63,"column":69}},"type":"if","locations":[{"start":{"line":63,"column":8},"end":{"line":63,"column":69}},{"start":{},"end":{}}],"line":63},"1":{"loc":{"start":{"line":67,"column":24},"end":{"line":67,"column":92}},"type":"cond-expr","locations":[{"start":{"line":67,"column":53},"end":{"line":67,"column":87}},{"start":{"line":67,"column":90},"end":{"line":67,"column":92}}],"line":67},"2":{"loc":{"start":{"line":68,"column":24},"end":{"line":68,"column":93}},"type":"cond-expr","locations":[{"start":{"line":68,"column":56},"end":{"line":68,"column":88}},{"start":{"line":68,"column":91},"end":{"line":68,"column":93}}],"line":68},"3":{"loc":{"start":{"line":69,"column":24},"end":{"line":69,"column":93}},"type":"cond-expr","locations":[{"start":{"line":69,"column":56},"end":{"line":69,"column":88}},{"start":{"line":69,"column":91},"end":{"line":69,"column":93}}],"line":69},"4":{"loc":{"start":{"line":70,"column":24},"end":{"line":70,"column":93}},"type":"cond-expr","locations":[{"start":{"line":70,"column":56},"end":{"line":70,"column":88}},{"start":{"line":70,"column":91},"end":{"line":70,"column":93}}],"line":70},"5":{"loc":{"start":{"line":83,"column":4},"end":{"line":83,"column":45}},"type":"if","locations":[{"start":{"line":83,"column":4},"end":{"line":83,"column":45}},{"start":{},"end":{}}],"line":83},"6":{"loc":{"start":{"line":85,"column":4},"end":{"line":98,"column":5}},"type":"if","locations":[{"start":{"line":85,"column":4},"end":{"line":98,"column":5}},{"start":{},"end":{}}],"line":85},"7":{"loc":{"start":{"line":86,"column":27},"end":{"line":86,"column":77}},"type":"binary-expr","locations":[{"start":{"line":86,"column":27},"end":{"line":86,"column":49}},{"start":{"line":86,"column":53},"end":{"line":86,"column":77}}],"line":86},"8":{"loc":{"start":{"line":87,"column":8},"end":{"line":97,"column":9}},"type":"if","locations":[{"start":{"line":87,"column":8},"end":{"line":97,"column":9}},{"start":{"line":93,"column":15},"end":{"line":97,"column":9}}],"line":87},"9":{"loc":{"start":{"line":88,"column":12},"end":{"line":92,"column":13}},"type":"if","locations":[{"start":{"line":88,"column":12},"end":{"line":92,"column":13}},{"start":{"line":90,"column":19},"end":{"line":92,"column":13}}],"line":88},"10":{"loc":{"start":{"line":93,"column":15},"end":{"line":97,"column":9}},"type":"if","locations":[{"start":{"line":93,"column":15},"end":{"line":97,"column":9}},{"start":{"line":95,"column":15},"end":{"line":97,"column":9}}],"line":93},"11":{"loc":{"start":{"line":100,"column":4},"end":{"line":106,"column":5}},"type":"if","locations":[{"start":{"line":100,"column":4},"end":{"line":106,"column":5}},{"start":{},"end":{}}],"line":100},"12":{"loc":{"start":{"line":100,"column":8},"end":{"line":100,"column":57}},"type":"binary-expr","locations":[{"start":{"line":100,"column":8},"end":{"line":100,"column":28}},{"start":{"line":100,"column":32},"end":{"line":100,"column":57}}],"line":100},"13":{"loc":{"start":{"line":131,"column":8},"end":{"line":134,"column":9}},"type":"if","locations":[{"start":{"line":131,"column":8},"end":{"line":134,"column":9}},{"start":{},"end":{}}],"line":131},"14":{"loc":{"start":{"line":131,"column":12},"end":{"line":131,"column":64}},"type":"binary-expr","locations":[{"start":{"line":131,"column":12},"end":{"line":131,"column":34}},{"start":{"line":131,"column":38},"end":{"line":131,"column":64}}],"line":131},"15":{"loc":{"start":{"line":156,"column":4},"end":{"line":169,"column":5}},"type":"switch","locations":[{"start":{"line":157,"column":8},"end":{"line":158,"column":26}},{"start":{"line":159,"column":8},"end":{"line":160,"column":24}},{"start":{"line":161,"column":8},"end":{"line":162,"column":24}},{"start":{"line":163,"column":8},"end":{"line":164,"column":24}},{"start":{"line":165,"column":8},"end":{"line":166,"column":24}},{"start":{"line":167,"column":8},"end":{"line":168,"column":25}}],"line":156}},"s":{"0":1,"1":1,"2":1,"3":1,"4":1,"5":1,"6":1,"7":1,"8":1,"9":1,"10":7,"11":7,"12":6,"13":6,"14":6,"15":0,"16":6,"17":6,"18":6,"19":6,"20":6,"21":6,"22":6,"23":1,"24":1,"25":7,"26":2,"27":5,"28":3,"29":3,"30":2,"31":1,"32":1,"33":1,"34":0,"35":1,"36":2,"37":2,"38":2,"39":0,"40":0,"41":6,"42":8784,"43":7,"44":7,"45":7,"46":9808,"47":9808,"48":1099,"49":1099,"50":7,"51":1099,"52":1099,"53":1099,"54":1098,"55":1,"56":0,"57":0,"58":0,"59":0,"60":0,"61":0,"62":0,"63":0,"64":0,"65":0,"66":0,"67":0,"68":0,"69":1},"f":{"0":7,"1":7,"2":6,"3":8784,"4":7,"5":9808,"6":1099,"7":1099,"8":0},"b":{"0":[0,6],"1":[1,5],"2":[0,6],"3":[0,6],"4":[0,6],"5":[2,5],"6":[3,2],"7":[3,1],"8":[2,1],"9":[1,1],"10":[0,1],"11":[2,0],"12":[2,1],"13":[1099,8709],"14":[9808,8710],"15":[1098,1,0,0,0,0]},"_coverageSchema":"1a1c01bbd47fc00a2c39e90264f33305004495a9","hash":"ec6e588a2631de2e9e51c8d792221b1f3c269bba"}
}
