TN:
SF:script\dataClassifier.js
FN:56,classifyData
FN:82,ensureBuffer
FN:114,createBitAtoms
FN:115,(anonymous_3)
FN:125,aggregateAtoms
FN:129,(anonymous_5)
FN:143,createAggregatedAtom
FN:155,getAtomTypeByLimit
FN:175,classifyDataWithContract
FNF:9
FNH:8
FNDA:7,classifyData
FNDA:7,ensureBuffer
FNDA:6,createBitAtoms
FNDA:8784,(anonymous_3)
FNDA:7,aggregateAtoms
FNDA:9808,(anonymous_5)
FNDA:1099,createAggregatedAtom
FNDA:1099,getAtomTypeByLimit
FNDA:0,classifyDataWithContract
DA:35,1
DA:36,1
DA:37,1
DA:39,1
DA:42,1
DA:43,1
DA:44,1
DA:45,1
DA:46,1
DA:47,1
DA:57,7
DA:58,7
DA:59,6
DA:61,6
DA:63,6
DA:65,6
DA:66,6
DA:67,6
DA:68,6
DA:69,6
DA:70,6
DA:72,6
DA:74,1
DA:75,1
DA:83,7
DA:85,5
DA:86,3
DA:87,3
DA:88,2
DA:89,1
DA:91,1
DA:93,1
DA:94,0
DA:96,1
DA:100,2
DA:101,2
DA:102,2
DA:104,0
DA:108,0
DA:115,8784
DA:126,7
DA:127,7
DA:129,7
DA:130,9808
DA:131,9808
DA:132,1099
DA:133,1099
DA:137,7
DA:144,1099
DA:145,1099
DA:156,1099
DA:158,1098
DA:160,1
DA:162,0
DA:164,0
DA:166,0
DA:168,0
DA:176,0
DA:178,0
DA:180,0
DA:181,0
DA:182,0
DA:184,0
DA:185,0
DA:187,0
DA:188,0
DA:193,1
LF:67
LH:51
BRDA:63,0,0,0
BRDA:63,0,1,6
BRDA:67,1,0,1
BRDA:67,1,1,5
BRDA:68,2,0,0
BRDA:68,2,1,6
BRDA:69,3,0,0
BRDA:69,3,1,6
BRDA:70,4,0,0
BRDA:70,4,1,6
BRDA:83,5,0,2
BRDA:83,5,1,5
BRDA:85,6,0,3
BRDA:85,6,1,2
BRDA:86,7,0,3
BRDA:86,7,1,1
BRDA:87,8,0,2
BRDA:87,8,1,1
BRDA:88,9,0,1
BRDA:88,9,1,1
BRDA:93,10,0,0
BRDA:93,10,1,1
BRDA:100,11,0,2
BRDA:100,11,1,0
BRDA:100,12,0,2
BRDA:100,12,1,1
BRDA:131,13,0,1099
BRDA:131,13,1,8709
BRDA:131,14,0,9808
BRDA:131,14,1,8710
BRDA:156,15,0,1098
BRDA:156,15,1,1
BRDA:156,15,2,0
BRDA:156,15,3,0
BRDA:156,15,4,0
BRDA:156,15,5,0
BRF:36
BRH:26
end_of_record
